<?xml version="1.0" encoding="UTF-8"?>
<testsuite name="Bowling180607Test" tests="3" skipped="0" failures="0" errors="0" timestamp="2018-06-09T03:13:33" hostname="totonoMacBook" time="0.002">
  <properties/>
  <testcase name="allStrikes" classname="Bowling180607Test" time="0.001"/>
  <testcase name="appSpares" classname="Bowling180607Test" time="0.0"/>
  <testcase name="allNines" classname="Bowling180607Test" time="0.0"/>
  <system-out><![CDATA[]]></system-out>
  <system-err><![CDATA[]]></system-err>
</testsuite>
