<?xml version="1.0" encoding="UTF-8"?>
<testsuite name="BowlingAppTest" tests="1" skipped="0" failures="0" errors="0" timestamp="2018-06-09T03:13:33" hostname="totonoMacBook" time="0.0">
  <properties/>
  <testcase name="testAppCreation" classname="BowlingAppTest" time="0.0"/>
  <system-out><![CDATA[]]></system-out>
  <system-err><![CDATA[]]></system-err>
</testsuite>
